The system is: Windows - 10.0.19043 - AMD64
Compiling the C compiler identification source file "CMakeCCompilerId.c" succeeded.
Compiler:  
Build flags: 
Id flags:  

The output was:
0
Microsoft(R) Build Engine versão 16.11.2+f32259642 para .NET Framework 
Copyright (C) Microsoft Corporation. Todos os direitos reservados.

Compilação de 07/05/2022 10:48:42 iniciada.
Projeto "C:\Users\roblo\OneDrive\Documentos\CHIP-8\build\CMakeFiles\3.23.1\CompilerIdC\CompilerIdC.vcxproj" no nó 1 (destinos padrão).
PrepareForBuild:
  Criando o diretório "Debug\".
  Criando o diretório "Debug\CompilerIdC.tlog\".
InitializeBuildStatus:
  Criando "Debug\CompilerIdC.tlog\unsuccessfulbuild" porque "AlwaysCreate" foi especificado.
ClCompile:
  C:\Program Files (x86)\Microsoft Visual Studio\2019\BuildTools\VC\Tools\MSVC\14.29.30133\bin\HostX64\x64\CL.exe /c /nologo /W0 /WX- /diagnostics:column /Od /D _MBCS /Gm- /EHsc /RTC1 /MDd /GS /fp:precise /Zc:wchar_t /Zc:forScope /Zc:inline /Fo"Debug\\" /Fd"Debug\vc142.pdb" /external:W0 /Gd /TC /FC /errorReport:queue CMakeCCompilerId.c
  CMakeCCompilerId.c
Link:
  C:\Program Files (x86)\Microsoft Visual Studio\2019\BuildTools\VC\Tools\MSVC\14.29.30133\bin\HostX64\x64\link.exe /ERRORREPORT:QUEUE /OUT:".\CompilerIdC.exe" /INCREMENTAL:NO /NOLOGO kernel32.lib user32.lib gdi32.lib winspool.lib comdlg32.lib advapi32.lib shell32.lib ole32.lib oleaut32.lib uuid.lib odbc32.lib odbccp32.lib /MANIFEST /MANIFESTUAC:"level='asInvoker' uiAccess='false'" /manifest:embed /PDB:".\CompilerIdC.pdb" /SUBSYSTEM:CONSOLE /TLBID:1 /DYNAMICBASE /NXCOMPAT /IMPLIB:".\CompilerIdC.lib" /MACHINE:X64 Debug\CMakeCCompilerId.obj
  CompilerIdC.vcxproj -> C:\Users\roblo\OneDrive\Documentos\CHIP-8\build\CMakeFiles\3.23.1\CompilerIdC\CompilerIdC.exe
PostBuildEvent:
  for %%i in (cl.exe) do @echo CMAKE_C_COMPILER=%%~$PATH:i
  :VCEnd
  CMAKE_C_COMPILER=C:\Program Files (x86)\Microsoft Visual Studio\2019\BuildTools\VC\Tools\MSVC\14.29.30133\bin\Hostx64\x64\cl.exe
FinalizeBuildStatus:
  Excluindo o arquivo "Debug\CompilerIdC.tlog\unsuccessfulbuild".
  Tocando "Debug\CompilerIdC.tlog\CompilerIdC.lastbuildstate".
Projeto de compilação pronto "C:\Users\roblo\OneDrive\Documentos\CHIP-8\build\CMakeFiles\3.23.1\CompilerIdC\CompilerIdC.vcxproj" (destinos padrão).

Compilação com êxito.
    0 Aviso(s)
    0 Erro(s)

Tempo Decorrido 00:00:01.32


Compilation of the C compiler identification source "CMakeCCompilerId.c" produced "CompilerIdC.exe"

Compilation of the C compiler identification source "CMakeCCompilerId.c" produced "CompilerIdC.vcxproj"

The C compiler identification is MSVC, found in "C:/Users/roblo/OneDrive/Documentos/CHIP-8/build/CMakeFiles/3.23.1/CompilerIdC/CompilerIdC.exe"

Compiling the CXX compiler identification source file "CMakeCXXCompilerId.cpp" succeeded.
Compiler:  
Build flags: 
Id flags:  

The output was:
0
Microsoft(R) Build Engine versão 16.11.2+f32259642 para .NET Framework 
Copyright (C) Microsoft Corporation. Todos os direitos reservados.

Compilação de 07/05/2022 10:48:44 iniciada.
Projeto "C:\Users\roblo\OneDrive\Documentos\CHIP-8\build\CMakeFiles\3.23.1\CompilerIdCXX\CompilerIdCXX.vcxproj" no nó 1 (destinos padrão).
PrepareForBuild:
  Criando o diretório "Debug\".
  Criando o diretório "Debug\CompilerIdCXX.tlog\".
InitializeBuildStatus:
  Criando "Debug\CompilerIdCXX.tlog\unsuccessfulbuild" porque "AlwaysCreate" foi especificado.
ClCompile:
  C:\Program Files (x86)\Microsoft Visual Studio\2019\BuildTools\VC\Tools\MSVC\14.29.30133\bin\HostX64\x64\CL.exe /c /nologo /W0 /WX- /diagnostics:column /Od /D _MBCS /Gm- /EHsc /RTC1 /MDd /GS /fp:precise /Zc:wchar_t /Zc:forScope /Zc:inline /Fo"Debug\\" /Fd"Debug\vc142.pdb" /external:W0 /Gd /TP /FC /errorReport:queue CMakeCXXCompilerId.cpp
  CMakeCXXCompilerId.cpp
Link:
  C:\Program Files (x86)\Microsoft Visual Studio\2019\BuildTools\VC\Tools\MSVC\14.29.30133\bin\HostX64\x64\link.exe /ERRORREPORT:QUEUE /OUT:".\CompilerIdCXX.exe" /INCREMENTAL:NO /NOLOGO kernel32.lib user32.lib gdi32.lib winspool.lib comdlg32.lib advapi32.lib shell32.lib ole32.lib oleaut32.lib uuid.lib odbc32.lib odbccp32.lib /MANIFEST /MANIFESTUAC:"level='asInvoker' uiAccess='false'" /manifest:embed /PDB:".\CompilerIdCXX.pdb" /SUBSYSTEM:CONSOLE /TLBID:1 /DYNAMICBASE /NXCOMPAT /IMPLIB:".\CompilerIdCXX.lib" /MACHINE:X64 Debug\CMakeCXXCompilerId.obj
  CompilerIdCXX.vcxproj -> C:\Users\roblo\OneDrive\Documentos\CHIP-8\build\CMakeFiles\3.23.1\CompilerIdCXX\CompilerIdCXX.exe
PostBuildEvent:
  for %%i in (cl.exe) do @echo CMAKE_CXX_COMPILER=%%~$PATH:i
  :VCEnd
  CMAKE_CXX_COMPILER=C:\Program Files (x86)\Microsoft Visual Studio\2019\BuildTools\VC\Tools\MSVC\14.29.30133\bin\Hostx64\x64\cl.exe
FinalizeBuildStatus:
  Excluindo o arquivo "Debug\CompilerIdCXX.tlog\unsuccessfulbuild".
  Tocando "Debug\CompilerIdCXX.tlog\CompilerIdCXX.lastbuildstate".
Projeto de compilação pronto "C:\Users\roblo\OneDrive\Documentos\CHIP-8\build\CMakeFiles\3.23.1\CompilerIdCXX\CompilerIdCXX.vcxproj" (destinos padrão).

Compilação com êxito.
    0 Aviso(s)
    0 Erro(s)

Tempo Decorrido 00:00:00.80


Compilation of the CXX compiler identification source "CMakeCXXCompilerId.cpp" produced "CompilerIdCXX.exe"

Compilation of the CXX compiler identification source "CMakeCXXCompilerId.cpp" produced "CompilerIdCXX.vcxproj"

The CXX compiler identification is MSVC, found in "C:/Users/roblo/OneDrive/Documentos/CHIP-8/build/CMakeFiles/3.23.1/CompilerIdCXX/CompilerIdCXX.exe"

Detecting C compiler ABI info compiled with the following output:
Change Dir: C:/Users/roblo/OneDrive/Documentos/CHIP-8/build/CMakeFiles/CMakeTmp

Run Build Command(s):C:/Program Files (x86)/Microsoft Visual Studio/2019/BuildTools/MSBuild/Current/Bin/MSBuild.exe cmTC_c4365.vcxproj /p:Configuration=Debug /p:Platform=x64 /p:VisualStudioVersion=16.0 /v:m && Microsoft(R) Build Engine versão 16.11.2+f32259642 para .NET Framework 
Copyright (C) Microsoft Corporation. Todos os direitos reservados.

  Microsoft (R) C/C++ Optimizing Compiler Versão 19.29.30141 para x64
  Copyright (C) Microsoft Corporation. Todos os direitos reservados.
  CMakeCCompilerABI.c
  cl /c /Zi /W3 /WX- /diagnostics:column /Od /Ob0 /D _MBCS /D WIN32 /D _WINDOWS /D "CMAKE_INTDIR=\"Debug\"" /Gm- /RTC1 /MDd /GS /fp:precise /Zc:wchar_t /Zc:forScope /Zc:inline /Fo"cmTC_c4365.dir\Debug\\" /Fd"cmTC_c4365.dir\Debug\vc142.pdb" /external:W3 /Gd /TC /errorReport:queue "C:\Program Files\CMake\share\cmake-3.23\Modules\CMakeCCompilerABI.c"
  cmTC_c4365.vcxproj -> C:\Users\roblo\OneDrive\Documentos\CHIP-8\build\CMakeFiles\CMakeTmp\Debug\cmTC_c4365.exe



Detecting CXX compiler ABI info compiled with the following output:
Change Dir: C:/Users/roblo/OneDrive/Documentos/CHIP-8/build/CMakeFiles/CMakeTmp

Run Build Command(s):C:/Program Files (x86)/Microsoft Visual Studio/2019/BuildTools/MSBuild/Current/Bin/MSBuild.exe cmTC_0af7f.vcxproj /p:Configuration=Debug /p:Platform=x64 /p:VisualStudioVersion=16.0 /v:m && Microsoft(R) Build Engine versão 16.11.2+f32259642 para .NET Framework 
Copyright (C) Microsoft Corporation. Todos os direitos reservados.

  Microsoft (R) C/C++ Optimizing Compiler Versão 19.29.30141 para x64
  Copyright (C) Microsoft Corporation. Todos os direitos reservados.
  CMakeCXXCompilerABI.cpp
  cl /c /Zi /W3 /WX- /diagnostics:column /Od /Ob0 /D _MBCS /D WIN32 /D _WINDOWS /D "CMAKE_INTDIR=\"Debug\"" /Gm- /EHsc /RTC1 /MDd /GS /fp:precise /Zc:wchar_t /Zc:forScope /Zc:inline /GR /Fo"cmTC_0af7f.dir\Debug\\" /Fd"cmTC_0af7f.dir\Debug\vc142.pdb" /external:W3 /Gd /TP /errorReport:queue "C:\Program Files\CMake\share\cmake-3.23\Modules\CMakeCXXCompilerABI.cpp"
  cmTC_0af7f.vcxproj -> C:\Users\roblo\OneDrive\Documentos\CHIP-8\build\CMakeFiles\CMakeTmp\Debug\cmTC_0af7f.exe



